
> open5gs@2.7.0 dev
> node server/index.js

> Using external babel configuration
> Location: "/home/blue/open5gs/webui/.babelrc"
 DONE  Compiled successfully in 1795ms12:25:11 pm

[0;36mMongoose:[0m subscribers.ensureIndex({ imsi: [33m1[39m }, { unique: [33mtrue[39m, background: [33mtrue[39m })
[0;36mMongoose:[0m accounts.ensureIndex({ username: [33m1[39m }, { unique: [33mtrue[39m, background: [33mtrue[39m })
(node:4241) DeprecationWarning: collection.ensureIndex is deprecated. Use createIndexes instead.
(Use `node --trace-deprecation ...` to show where the warning was created)
[0;36mMongoose:[0m accounts.count({}, {})
(node:4241) DeprecationWarning: collection.count is deprecated, and will be removed in a future version. Use Collection.countDocuments or Collection.estimatedDocumentCount instead
> Ready on http://localhost:9999
[0;36mMongoose:[0m accounts.findOne({ [32m'$or'[39m: [ { username: [32m'admin'[39m } ] }, { projection: { hash: [33m0[39m, salt: [33m0[39m } })
> Building page: /
 DONE  Compiled successfully in 7064ms12:25:23 pm

[0;36mMongoose:[0m accounts.findOne({ [32m'$or'[39m: [ { username: [32m'admin'[39m } ] }, { projection: { hash: [33m0[39m, salt: [33m0[39m } })
[0;36mMongoose:[0m accounts.findOne({ [32m'$or'[39m: [ { username: [32m'admin'[39m } ] }, { projection: { hash: [33m0[39m, salt: [33m0[39m } })
[0;36mMongoose:[0m accounts.findOne({ [32m'$or'[39m: [ { username: [32m'admin'[39m } ] }, { projection: { hash: [33m0[39m, salt: [33m0[39m } })
[0;36mMongoose:[0m accounts.findOne({ [32m'$or'[39m: [ { username: [32m'admin'[39m } ] }, { projection: { hash: [33m0[39m, salt: [33m0[39m } })
[0;36mMongoose:[0m accounts.findOne({ [32m'$or'[39m: [ { username: [32m'admin'[39m } ] }, { projection: { hash: [33m0[39m, salt: [33m0[39m } })
[0;36mMongoose:[0m accounts.findOne({ [32m'$or'[39m: [ { username: [32m'admin'[39m } ] }, { projection: { hash: [33m0[39m, salt: [33m0[39m } })
[0;36mMongoose:[0m accounts.findOne({ [32m'$or'[39m: [ { username: [32m'admin'[39m } ] }, { projection: { hash: [33m0[39m, salt: [33m0[39m } })
[0;36mMongoose:[0m accounts.findOne({ [32m'$or'[39m: [ { username: [32m'admin'[39m } ] }, { projection: { hash: [33m0[39m, salt: [33m0[39m } })
[0;36mMongoose:[0m accounts.findOne({ [32m'$or'[39m: [ { username: [32m'admin'[39m } ] }, { projection: { hash: [33m0[39m, salt: [33m0[39m } })
[0;36mMongoose:[0m accounts.findOne({ [32m'$or'[39m: [ { username: [32m'admin'[39m } ] }, { projection: { hash: [33m0[39m, salt: [33m0[39m } })
 WAIT  Compiling...12:25:25 pm

[0;36mMongoose:[0m accounts.findOne({ [32m'$or'[39m: [ { username: [32m'admin'[39m } ] }, { projection: { hash: [33m0[39m, salt: [33m0[39m } })
 DONE  Compiled successfully in 401ms12:25:25 pm

[0;36mMongoose:[0m accounts.findOne({ [32m'$or'[39m: [ { username: [32m'admin'[39m } ] }, { projection: { hash: [33m0[39m, salt: [33m0[39m } })
[0;36mMongoose:[0m subscribers.find({}, { projection: {} })
[0;36mMongoose:[0m accounts.findOne({ [32m'$or'[39m: [ { username: [32m'admin'[39m } ] }, { projection: { hash: [33m0[39m, salt: [33m0[39m } })
[0;36mMongoose:[0m accounts.findOne({ [32m'$or'[39m: [ { username: [32m'admin'[39m } ] }, { projection: { hash: [33m0[39m, salt: [33m0[39m } })
[0;36mMongoose:[0m profiles.find({}, { projection: {} })
[0;36mMongoose:[0m accounts.findOne({ [32m'$or'[39m: [ { username: [32m'admin'[39m } ] }, { projection: { hash: [33m0[39m, salt: [33m0[39m } })
[0;36mMongoose:[0m accounts.findOne({ [32m'$or'[39m: [ { username: [32m'admin'[39m } ] }, { projection: { hash: [33m0[39m, salt: [33m0[39m } })
[0;36mMongoose:[0m accounts.findOne({ [32m'$or'[39m: [ { username: [32m'admin'[39m } ] }, { projection: { hash: [33m0[39m, salt: [33m0[39m } })
[0;36mMongoose:[0m accounts.findOne({ [32m'$or'[39m: [ { username: [32m'admin'[39m } ] }, { projection: { hash: [33m0[39m, salt: [33m0[39m } })
[0;36mMongoose:[0m accounts.findOne({ [32m'$or'[39m: [ { username: [32m'admin'[39m } ] }, { projection: { hash: [33m0[39m, salt: [33m0[39m } })
[0;36mMongoose:[0m accounts.findOne({ [32m'$or'[39m: [ { username: [32m'admin'[39m } ] }, { projection: { hash: [33m0[39m, salt: [33m0[39m } })
[0;36mMongoose:[0m accounts.findOne({ [32m'$or'[39m: [ { username: [32m'admin'[39m } ] }, { projection: { hash: [33m0[39m, salt: [33m0[39m } })
[0;36mMongoose:[0m accounts.findOne({ [32m'$or'[39m: [ { username: [32m'admin'[39m } ] }, { projection: { hash: [33m0[39m, salt: [33m0[39m } })
[0;36mMongoose:[0m accounts.findOne({ [32m'$or'[39m: [ { username: [32m'admin'[39m } ] }, { projection: { hash: [33m0[39m, salt: [33m0[39m } })
[0;36mMongoose:[0m accounts.findOne({ [32m'$or'[39m: [ { username: [32m'admin'[39m } ] }, { projection: { hash: [33m0[39m, salt: [33m0[39m } })
[0;36mMongoose:[0m accounts.findOne({ [32m'$or'[39m: [ { username: [32m'admin'[39m } ] }, { projection: { hash: [33m0[39m, salt: [33m0[39m } })
[0;36mMongoose:[0m accounts.findOne({ [32m'$or'[39m: [ { username: [32m'admin'[39m } ] }, { projection: { hash: [33m0[39m, salt: [33m0[39m } })
[0;36mMongoose:[0m accounts.findOne({ [32m'$or'[39m: [ { username: [32m'admin'[39m } ] }, { projection: { hash: [33m0[39m, salt: [33m0[39m } })
[0;36mMongoose:[0m accounts.findOne({ [32m'$or'[39m: [ { username: [32m'admin'[39m } ] }, { projection: { hash: [33m0[39m, salt: [33m0[39m } })
[0;36mMongoose:[0m accounts.findOne({ [32m'$or'[39m: [ { username: [32m'admin'[39m } ] }, { projection: { hash: [33m0[39m, salt: [33m0[39m } })
[0;36mMongoose:[0m accounts.findOne({ [32m'$or'[39m: [ { username: [32m'admin'[39m } ] }, { projection: { hash: [33m0[39m, salt: [33m0[39m } })
[0;36mMongoose:[0m accounts.findOne({ [32m'$or'[39m: [ { username: [32m'admin'[39m } ] }, { projection: { hash: [33m0[39m, salt: [33m0[39m } })
[0;36mMongoose:[0m accounts.findOne({ [32m'$or'[39m: [ { username: [32m'admin'[39m } ] }, { projection: { hash: [33m0[39m, salt: [33m0[39m } })
[0;36mMongoose:[0m accounts.findOne({ [32m'$or'[39m: [ { username: [32m'admin'[39m } ] }, { projection: { hash: [33m0[39m, salt: [33m0[39m } })
[0;36mMongoose:[0m accounts.findOne({ [32m'$or'[39m: [ { username: [32m'admin'[39m } ] }, { projection: { hash: [33m0[39m, salt: [33m0[39m } })
[0;36mMongoose:[0m accounts.findOne({ [32m'$or'[39m: [ { username: [32m'admin'[39m } ] }, { projection: { hash: [33m0[39m, salt: [33m0[39m } })
[0;36mMongoose:[0m accounts.findOne({ [32m'$or'[39m: [ { username: [32m'admin'[39m } ] }, { projection: { hash: [33m0[39m, salt: [33m0[39m } })
[0;36mMongoose:[0m accounts.findOne({ [32m'$or'[39m: [ { username: [32m'admin'[39m } ] }, { projection: { hash: [33m0[39m, salt: [33m0[39m } })
[0;36mMongoose:[0m accounts.findOne({ [32m'$or'[39m: [ { username: [32m'admin'[39m } ] }, { projection: { hash: [33m0[39m, salt: [33m0[39m } })
[0;36mMongoose:[0m accounts.findOne({ [32m'$or'[39m: [ { username: [32m'admin'[39m } ] }, { projection: { hash: [33m0[39m, salt: [33m0[39m } })
[0;36mMongoose:[0m accounts.findOne({ [32m'$or'[39m: [ { username: [32m'admin'[39m } ] }, { projection: { hash: [33m0[39m, salt: [33m0[39m } })
[0;36mMongoose:[0m accounts.findOne({ [32m'$or'[39m: [ { username: [32m'admin'[39m } ] }, { projection: { hash: [33m0[39m, salt: [33m0[39m } })
[0;36mMongoose:[0m accounts.findOne({ [32m'$or'[39m: [ { username: [32m'admin'[39m } ] }, { projection: { hash: [33m0[39m, salt: [33m0[39m } })
[0;36mMongoose:[0m accounts.findOne({ [32m'$or'[39m: [ { username: [32m'admin'[39m } ] }, { projection: { hash: [33m0[39m, salt: [33m0[39m } })
[0;36mMongoose:[0m accounts.findOne({ [32m'$or'[39m: [ { username: [32m'admin'[39m } ] }, { projection: { hash: [33m0[39m, salt: [33m0[39m } })
[0;36mMongoose:[0m accounts.findOne({ [32m'$or'[39m: [ { username: [32m'admin'[39m } ] }, { projection: { hash: [33m0[39m, salt: [33m0[39m } })
[0;36mMongoose:[0m accounts.findOne({ [32m'$or'[39m: [ { username: [32m'admin'[39m } ] }, { projection: { hash: [33m0[39m, salt: [33m0[39m } })
[0;36mMongoose:[0m accounts.findOne({ [32m'$or'[39m: [ { username: [32m'admin'[39m } ] }, { projection: { hash: [33m0[39m, salt: [33m0[39m } })
[0;36mMongoose:[0m accounts.findOne({ [32m'$or'[39m: [ { username: [32m'admin'[39m } ] }, { projection: { hash: [33m0[39m, salt: [33m0[39m } })
[0;36mMongoose:[0m accounts.findOne({ [32m'$or'[39m: [ { username: [32m'admin'[39m } ] }, { projection: { hash: [33m0[39m, salt: [33m0[39m } })
[0;36mMongoose:[0m accounts.findOne({ [32m'$or'[39m: [ { username: [32m'admin'[39m } ] }, { projection: { hash: [33m0[39m, salt: [33m0[39m } })
[0;36mMongoose:[0m accounts.findOne({ [32m'$or'[39m: [ { username: [32m'admin'[39m } ] }, { projection: { hash: [33m0[39m, salt: [33m0[39m } })
[0;36mMongoose:[0m accounts.findOne({ [32m'$or'[39m: [ { username: [32m'admin'[39m } ] }, { projection: { hash: [33m0[39m, salt: [33m0[39m } })
[0;36mMongoose:[0m accounts.findOne({ [32m'$or'[39m: [ { username: [32m'admin'[39m } ] }, { projection: { hash: [33m0[39m, salt: [33m0[39m } })
[0;36mMongoose:[0m accounts.findOne({ [32m'$or'[39m: [ { username: [32m'admin'[39m } ] }, { projection: { hash: [33m0[39m, salt: [33m0[39m } })
[0;36mMongoose:[0m accounts.findOne({ [32m'$or'[39m: [ { username: [32m'admin'[39m } ] }, { projection: { hash: [33m0[39m, salt: [33m0[39m } })
[0;36mMongoose:[0m accounts.findOne({ [32m'$or'[39m: [ { username: [32m'admin'[39m } ] }, { projection: { hash: [33m0[39m, salt: [33m0[39m } })
[0;36mMongoose:[0m accounts.findOne({ [32m'$or'[39m: [ { username: [32m'admin'[39m } ] }, { projection: { hash: [33m0[39m, salt: [33m0[39m } })
[0;36mMongoose:[0m accounts.findOne({ [32m'$or'[39m: [ { username: [32m'admin'[39m } ] }, { projection: { hash: [33m0[39m, salt: [33m0[39m } })
[0;36mMongoose:[0m accounts.findOne({ [32m'$or'[39m: [ { username: [32m'admin'[39m } ] }, { projection: { hash: [33m0[39m, salt: [33m0[39m } })
[0;36mMongoose:[0m accounts.findOne({ [32m'$or'[39m: [ { username: [32m'admin'[39m } ] }, { projection: { hash: [33m0[39m, salt: [33m0[39m } })
[0;36mMongoose:[0m accounts.findOne({ [32m'$or'[39m: [ { username: [32m'admin'[39m } ] }, { projection: { hash: [33m0[39m, salt: [33m0[39m } })
[0;36mMongoose:[0m accounts.findOne({ [32m'$or'[39m: [ { username: [32m'admin'[39m } ] }, { projection: { hash: [33m0[39m, salt: [33m0[39m } })
[0;36mMongoose:[0m accounts.findOne({ [32m'$or'[39m: [ { username: [32m'admin'[39m } ] }, { projection: { hash: [33m0[39m, salt: [33m0[39m } })
[0;36mMongoose:[0m accounts.findOne({ [32m'$or'[39m: [ { username: [32m'admin'[39m } ] }, { projection: { hash: [33m0[39m, salt: [33m0[39m } })
[0;36mMongoose:[0m accounts.findOne({ [32m'$or'[39m: [ { username: [32m'admin'[39m } ] }, { projection: { hash: [33m0[39m, salt: [33m0[39m } })
[0;36mMongoose:[0m accounts.findOne({ [32m'$or'[39m: [ { username: [32m'admin'[39m } ] }, { projection: { hash: [33m0[39m, salt: [33m0[39m } })
[0;36mMongoose:[0m accounts.findOne({ [32m'$or'[39m: [ { username: [32m'admin'[39m } ] }, { projection: { hash: [33m0[39m, salt: [33m0[39m } })
[0;36mMongoose:[0m accounts.findOne({ [32m'$or'[39m: [ { username: [32m'admin'[39m } ] }, { projection: { hash: [33m0[39m, salt: [33m0[39m } })
[0;36mMongoose:[0m accounts.findOne({ [32m'$or'[39m: [ { username: [32m'admin'[39m } ] }, { projection: { hash: [33m0[39m, salt: [33m0[39m } })
[0;36mMongoose:[0m accounts.findOne({ [32m'$or'[39m: [ { username: [32m'admin'[39m } ] }, { projection: { hash: [33m0[39m, salt: [33m0[39m } })
[0;36mMongoose:[0m accounts.findOne({ [32m'$or'[39m: [ { username: [32m'admin'[39m } ] }, { projection: { hash: [33m0[39m, salt: [33m0[39m } })
[0;36mMongoose:[0m accounts.findOne({ [32m'$or'[39m: [ { username: [32m'admin'[39m } ] }, { projection: { hash: [33m0[39m, salt: [33m0[39m } })
[0;36mMongoose:[0m accounts.findOne({ [32m'$or'[39m: [ { username: [32m'admin'[39m } ] }, { projection: { hash: [33m0[39m, salt: [33m0[39m } })
[0;36mMongoose:[0m accounts.findOne({ [32m'$or'[39m: [ { username: [32m'admin'[39m } ] }, { projection: { hash: [33m0[39m, salt: [33m0[39m } })
[0;36mMongoose:[0m accounts.findOne({ [32m'$or'[39m: [ { username: [32m'admin'[39m } ] }, { projection: { hash: [33m0[39m, salt: [33m0[39m } })
[0;36mMongoose:[0m accounts.findOne({ [32m'$or'[39m: [ { username: [32m'admin'[39m } ] }, { projection: { hash: [33m0[39m, salt: [33m0[39m } })
[0;36mMongoose:[0m accounts.findOne({ [32m'$or'[39m: [ { username: [32m'admin'[39m } ] }, { projection: { hash: [33m0[39m, salt: [33m0[39m } })
[0;36mMongoose:[0m accounts.findOne({ [32m'$or'[39m: [ { username: [32m'admin'[39m } ] }, { projection: { hash: [33m0[39m, salt: [33m0[39m } })
[0;36mMongoose:[0m accounts.findOne({ [32m'$or'[39m: [ { username: [32m'admin'[39m } ] }, { projection: { hash: [33m0[39m, salt: [33m0[39m } })
[0;36mMongoose:[0m accounts.findOne({ [32m'$or'[39m: [ { username: [32m'admin'[39m } ] }, { projection: { hash: [33m0[39m, salt: [33m0[39m } })
[0;36mMongoose:[0m accounts.findOne({ [32m'$or'[39m: [ { username: [32m'admin'[39m } ] }, { projection: { hash: [33m0[39m, salt: [33m0[39m } })
[0;36mMongoose:[0m accounts.findOne({ [32m'$or'[39m: [ { username: [32m'admin'[39m } ] }, { projection: { hash: [33m0[39m, salt: [33m0[39m } })
[0;36mMongoose:[0m accounts.findOne({ [32m'$or'[39m: [ { username: [32m'admin'[39m } ] }, { projection: { hash: [33m0[39m, salt: [33m0[39m } })
[0;36mMongoose:[0m accounts.findOne({ [32m'$or'[39m: [ { username: [32m'admin'[39m } ] }, { projection: { hash: [33m0[39m, salt: [33m0[39m } })
[0;36mMongoose:[0m accounts.findOne({ [32m'$or'[39m: [ { username: [32m'admin'[39m } ] }, { projection: { hash: [33m0[39m, salt: [33m0[39m } })
[0;36mMongoose:[0m accounts.findOne({ [32m'$or'[39m: [ { username: [32m'admin'[39m } ] }, { projection: { hash: [33m0[39m, salt: [33m0[39m } })
[0;36mMongoose:[0m accounts.findOne({ [32m'$or'[39m: [ { username: [32m'admin'[39m } ] }, { projection: { hash: [33m0[39m, salt: [33m0[39m } })
[0;36mMongoose:[0m accounts.findOne({ [32m'$or'[39m: [ { username: [32m'admin'[39m } ] }, { projection: { hash: [33m0[39m, salt: [33m0[39m } })
[0;36mMongoose:[0m accounts.findOne({ [32m'$or'[39m: [ { username: [32m'admin'[39m } ] }, { projection: { hash: [33m0[39m, salt: [33m0[39m } })
[0;36mMongoose:[0m accounts.findOne({ [32m'$or'[39m: [ { username: [32m'admin'[39m } ] }, { projection: { hash: [33m0[39m, salt: [33m0[39m } })
[0;36mMongoose:[0m accounts.findOne({ [32m'$or'[39m: [ { username: [32m'admin'[39m } ] }, { projection: { hash: [33m0[39m, salt: [33m0[39m } })
[0;36mMongoose:[0m accounts.findOne({ [32m'$or'[39m: [ { username: [32m'admin'[39m } ] }, { projection: { hash: [33m0[39m, salt: [33m0[39m } })
[0;36mMongoose:[0m accounts.findOne({ [32m'$or'[39m: [ { username: [32m'admin'[39m } ] }, { projection: { hash: [33m0[39m, salt: [33m0[39m } })
[0;36mMongoose:[0m accounts.findOne({ [32m'$or'[39m: [ { username: [32m'admin'[39m } ] }, { projection: { hash: [33m0[39m, salt: [33m0[39m } })
[0;36mMongoose:[0m accounts.findOne({ [32m'$or'[39m: [ { username: [32m'admin'[39m } ] }, { projection: { hash: [33m0[39m, salt: [33m0[39m } })
[0;36mMongoose:[0m accounts.findOne({ [32m'$or'[39m: [ { username: [32m'admin'[39m } ] }, { projection: { hash: [33m0[39m, salt: [33m0[39m } })
[0;36mMongoose:[0m accounts.findOne({ [32m'$or'[39m: [ { username: [32m'admin'[39m } ] }, { projection: { hash: [33m0[39m, salt: [33m0[39m } })
[0;36mMongoose:[0m accounts.findOne({ [32m'$or'[39m: [ { username: [32m'admin'[39m } ] }, { projection: { hash: [33m0[39m, salt: [33m0[39m } })
[0;36mMongoose:[0m accounts.findOne({ [32m'$or'[39m: [ { username: [32m'admin'[39m } ] }, { projection: { hash: [33m0[39m, salt: [33m0[39m } })
[0;36mMongoose:[0m accounts.findOne({ [32m'$or'[39m: [ { username: [32m'admin'[39m } ] }, { projection: { hash: [33m0[39m, salt: [33m0[39m } })
[0;36mMongoose:[0m accounts.findOne({ [32m'$or'[39m: [ { username: [32m'admin'[39m } ] }, { projection: { hash: [33m0[39m, salt: [33m0[39m } })
[0;36mMongoose:[0m accounts.findOne({ [32m'$or'[39m: [ { username: [32m'admin'[39m } ] }, { projection: { hash: [33m0[39m, salt: [33m0[39m } })
[0;36mMongoose:[0m accounts.findOne({ [32m'$or'[39m: [ { username: [32m'admin'[39m } ] }, { projection: { hash: [33m0[39m, salt: [33m0[39m } })
[0;36mMongoose:[0m accounts.findOne({ [32m'$or'[39m: [ { username: [32m'admin'[39m } ] }, { projection: { hash: [33m0[39m, salt: [33m0[39m } })
[0;36mMongoose:[0m accounts.findOne({ [32m'$or'[39m: [ { username: [32m'admin'[39m } ] }, { projection: { hash: [33m0[39m, salt: [33m0[39m } })
[0;36mMongoose:[0m accounts.findOne({ [32m'$or'[39m: [ { username: [32m'admin'[39m } ] }, { projection: { hash: [33m0[39m, salt: [33m0[39m } })
[0;36mMongoose:[0m accounts.findOne({ [32m'$or'[39m: [ { username: [32m'admin'[39m } ] }, { projection: { hash: [33m0[39m, salt: [33m0[39m } })
[0;36mMongoose:[0m accounts.findOne({ [32m'$or'[39m: [ { username: [32m'admin'[39m } ] }, { projection: { hash: [33m0[39m, salt: [33m0[39m } })
[0;36mMongoose:[0m accounts.findOne({ [32m'$or'[39m: [ { username: [32m'admin'[39m } ] }, { projection: { hash: [33m0[39m, salt: [33m0[39m } })
[0;36mMongoose:[0m accounts.findOne({ [32m'$or'[39m: [ { username: [32m'admin'[39m } ] }, { projection: { hash: [33m0[39m, salt: [33m0[39m } })
[0;36mMongoose:[0m accounts.findOne({ [32m'$or'[39m: [ { username: [32m'admin'[39m } ] }, { projection: { hash: [33m0[39m, salt: [33m0[39m } })
[0;36mMongoose:[0m accounts.findOne({ [32m'$or'[39m: [ { username: [32m'admin'[39m } ] }, { projection: { hash: [33m0[39m, salt: [33m0[39m } })
[0;36mMongoose:[0m accounts.findOne({ [32m'$or'[39m: [ { username: [32m'admin'[39m } ] }, { projection: { hash: [33m0[39m, salt: [33m0[39m } })
